<?xml version="1.0" encoding="UTF-8"?>
<robot generator="Robot 7.1.1 (Python 3.13.0 on win32)" generated="2024-12-15T13:30:47.459253" rpa="false" schemaversion="5">
<suite id="s1" name="2 2 0 3 Etsi kurssi" source="d:\Digitaalisen ratkaisun suunnittelu\opetusTukiAutomaatio-1\opetusTukiAutomaatio\Automation\2_2_0_3 Etsi kurssi.robot">
<test id="s1-t1" name="Etsi Kurssi" line="10">
<kw name="Open Browser" owner="SeleniumLibrary">
<msg time="2024-12-15T13:30:48.081173" level="INFO">Opening browser 'Firefox' to base url 'https://moodle.eoppimispalvelut.fi'.</msg>
<arg>${URL}</arg>
<arg>Firefox</arg>
<doc>Opens a new browser instance to the optional ``url``.</doc>
<status status="PASS" start="2024-12-15T13:30:48.079078" elapsed="6.109770"/>
</kw>
<kw name="Maximize Browser Window" owner="SeleniumLibrary">
<doc>Maximizes current browser window.</doc>
<status status="PASS" start="2024-12-15T13:30:54.190167" elapsed="0.270442"/>
</kw>
<kw name="Sleep" owner="BuiltIn">
<msg time="2024-12-15T13:31:04.462996" level="INFO">Slept 10 seconds.</msg>
<arg>10s</arg>
<doc>Pauses the test executed for the given time.</doc>
<status status="PASS" start="2024-12-15T13:30:54.461507" elapsed="10.002126"/>
</kw>
<kw name="Capture Page Screenshot" owner="SeleniumLibrary">
<msg time="2024-12-15T13:31:04.628471" level="INFO" html="true">&lt;/td&gt;&lt;/tr&gt;&lt;tr&gt;&lt;td colspan="3"&gt;&lt;a href="results/screenshot_1.png"&gt;&lt;img src="results/screenshot_1.png" width="800px"&gt;&lt;/a&gt;</msg>
<arg>${OUTPUT_DIR}/screenshot_1.png</arg>
<doc>Takes a screenshot of the current page and embeds it into a log file.</doc>
<status status="PASS" start="2024-12-15T13:31:04.464717" elapsed="0.164332"/>
</kw>
<kw name="Wait Until Page Contains" owner="SeleniumLibrary">
<arg>Digitaalisen ratkaisun toteutus - T42T165OJ-3003</arg>
<arg>timeout=60s</arg>
<doc>Waits until ``text`` appears on the current page.</doc>
<status status="PASS" start="2024-12-15T13:31:04.630020" elapsed="43.385327"/>
</kw>
<kw name="Capture Page Screenshot" owner="SeleniumLibrary">
<msg time="2024-12-15T13:31:48.072166" level="INFO" html="true">&lt;/td&gt;&lt;/tr&gt;&lt;tr&gt;&lt;td colspan="3"&gt;&lt;a href="results/screenshot_2.png"&gt;&lt;img src="results/screenshot_2.png" width="800px"&gt;&lt;/a&gt;</msg>
<arg>${OUTPUT_DIR}/screenshot_2.png</arg>
<doc>Takes a screenshot of the current page and embeds it into a log file.</doc>
<status status="PASS" start="2024-12-15T13:31:48.016607" elapsed="0.056128"/>
</kw>
<kw name="Log" owner="BuiltIn">
<msg time="2024-12-15T13:31:48.074645" level="INFO">Kurssi löytyi</msg>
<arg>Kurssi löytyi</arg>
<doc>Logs the given message with the given level.</doc>
<status status="PASS" start="2024-12-15T13:31:48.073838" elapsed="0.001298"/>
</kw>
<kw name="Close Browser" owner="SeleniumLibrary">
<doc>Closes the current browser.</doc>
<status status="PASS" start="2024-12-15T13:31:48.076363" elapsed="2.780924"/>
</kw>
<status status="PASS" start="2024-12-15T13:30:48.074708" elapsed="62.783676"/>
</test>
<status status="PASS" start="2024-12-15T13:30:47.469889" elapsed="63.391220"/>
</suite>
<statistics>
<total>
<stat pass="1" fail="0" skip="0">All Tests</stat>
</total>
<tag>
</tag>
<suite>
<stat pass="1" fail="0" skip="0" id="s1" name="2 2 0 3 Etsi kurssi">2 2 0 3 Etsi kurssi</stat>
</suite>
</statistics>
<errors>
</errors>
</robot>
