<?xml version="1.0" encoding="UTF-8"?>
<robot generator="Robot 7.1.1 (Python 3.13.1 on win32)" generated="2024-12-05T17:20:03.322094" rpa="true" schemaversion="5">
<suite id="s1" name="2 2 1 ValmisteluMain" source="C:\Users\kahar\Git_harjoitus\projekti\opetusTukiAutomaatio\Automation\2_2_1_ValmisteluMain.robot">
<test id="s1-t1" name="2_2_1_0 Mene kurssisivulle" line="14">
<kw name="Kirjaudu moodleen" owner="2_2_1_Valmistelu">
<kw name="Open Browser" owner="SeleniumLibrary">
<msg time="2024-12-05T17:20:03.506822" level="INFO">Opening browser 'chrome' to base url 'https://moodle.eoppimispalvelut.fi/'.</msg>
<arg>${URL}</arg>
<arg>chrome</arg>
<doc>Opens a new browser instance to the optional ``url``.</doc>
<status status="PASS" start="2024-12-05T17:20:03.506703" elapsed="3.086812"/>
</kw>
<kw name="Title Should Be" owner="SeleniumLibrary">
<msg time="2024-12-05T17:20:06.596097" level="INFO">Page title is 'Kirjaudu sivustoon | Lapinkampus Moodle'.</msg>
<arg>Kirjaudu sivustoon | Lapinkampus Moodle</arg>
<doc>Verifies that the current page title equals ``title``.</doc>
<status status="PASS" start="2024-12-05T17:20:06.593668" elapsed="0.002493"/>
</kw>
<kw name="Close Browser" owner="SeleniumLibrary" type="TEARDOWN">
<doc>Closes the current browser.</doc>
<status status="PASS" start="2024-12-05T17:20:06.596315" elapsed="2.082781"/>
</kw>
<status status="PASS" start="2024-12-05T17:20:03.506270" elapsed="5.172943"/>
</kw>
<status status="PASS" start="2024-12-05T17:20:03.505670" elapsed="5.173795"/>
</test>
<test id="s1-t2" name="2_2_0_2 Näytä kaikki kurssit" line="17">
<kw name="Avaa Kurssisivu" owner="2_2_0_2_step">
<kw name="Evaluate" owner="BuiltIn">
<msg time="2024-12-05T17:20:08.681000" level="INFO">${options} = &lt;selenium.webdriver.chrome.options.Options object at 0x00000207862F6D50&gt;</msg>
<var>${options}</var>
<arg>sys.modules['selenium.webdriver'].ChromeOptions()</arg>
<arg>sys, selenium.webdriver</arg>
<doc>Evaluates the given expression in Python and returns the result.</doc>
<status status="PASS" start="2024-12-05T17:20:08.680822" elapsed="0.000199"/>
</kw>
<kw name="Call Method" owner="BuiltIn">
<arg>${options}</arg>
<arg>add_argument</arg>
<arg>--ignore-certificate-errors</arg>
<doc>Calls the named method of the given object with the provided arguments.</doc>
<status status="PASS" start="2024-12-05T17:20:08.681095" elapsed="0.000080"/>
</kw>
<kw name="Open Browser" owner="SeleniumLibrary">
<msg time="2024-12-05T17:20:08.681380" level="INFO">Opening browser 'chrome' to base url 'https://moodle.eoppimispalvelut.fi/'.</msg>
<arg>${URL}</arg>
<arg>${BROWSER}</arg>
<arg>options=${options}</arg>
<doc>Opens a new browser instance to the optional ``url``.</doc>
<status status="PASS" start="2024-12-05T17:20:08.681257" elapsed="3.884341"/>
</kw>
<kw name="Maximize Browser Window" owner="SeleniumLibrary">
<doc>Maximizes current browser window.</doc>
<status status="PASS" start="2024-12-05T17:20:12.565748" elapsed="0.020409"/>
</kw>
<kw name="Run Keyword And Ignore Error" owner="BuiltIn">
<kw name="Wait Until Element Is Visible" owner="SeleniumLibrary">
<msg time="2024-12-05T17:20:42.860180" level="INFO" html="true">&lt;/td&gt;&lt;/tr&gt;&lt;tr&gt;&lt;td colspan="3"&gt;&lt;a href="selenium-screenshot-3.png"&gt;&lt;img src="selenium-screenshot-3.png" width="800px"&gt;&lt;/a&gt;</msg>
<msg time="2024-12-05T17:20:42.860298" level="FAIL">Element 'xpath=//div[@id='course-list']' not visible after 30 seconds.</msg>
<arg>xpath=//div[@id='course-list']</arg>
<arg>30s</arg>
<doc>Waits until the element ``locator`` is visible.</doc>
<status status="FAIL" start="2024-12-05T17:20:12.586394" elapsed="30.275048">Element 'xpath=//div[@id='course-list']' not visible after 30 seconds.</status>
</kw>
<arg>Wait Until Element Is Visible</arg>
<arg>xpath=//div[@id='course-list']</arg>
<arg>30s</arg>
<doc>Runs the given keyword with the given arguments and ignores possible error.</doc>
<status status="PASS" start="2024-12-05T17:20:12.586285" elapsed="30.275224"/>
</kw>
<kw name="Capture Page Screenshot" owner="SeleniumLibrary">
<msg time="2024-12-05T17:20:42.960674" level="INFO" html="true">&lt;/td&gt;&lt;/tr&gt;&lt;tr&gt;&lt;td colspan="3"&gt;&lt;a href="screenshot.png"&gt;&lt;img src="screenshot.png" width="800px"&gt;&lt;/a&gt;</msg>
<arg>${OUTPUT_DIR}/screenshot.png</arg>
<doc>Takes a screenshot of the current page and embeds it into a log file.</doc>
<status status="PASS" start="2024-12-05T17:20:42.861600" elapsed="0.099143"/>
</kw>
<status status="PASS" start="2024-12-05T17:20:08.680628" elapsed="34.280185"/>
</kw>
<kw name="Tarkista Kurssilista" owner="2_2_0_2_step">
<kw name="Get WebElements" owner="SeleniumLibrary">
<msg time="2024-12-05T17:20:42.971763" level="INFO">${courses} = []</msg>
<var>${courses}</var>
<arg>xpath=//div[@class='course-item']</arg>
<doc>Returns a list of WebElement objects matching the ``locator``.</doc>
<status status="PASS" start="2024-12-05T17:20:42.961372" elapsed="0.010418"/>
</kw>
<for flavor="IN">
<iter>
<kw name="Get Text" owner="SeleniumLibrary">
<var>${course_name}</var>
<arg>${course}</arg>
<doc>Returns the text value of the element identified by ``locator``.</doc>
<status status="NOT RUN" start="2024-12-05T17:20:42.972043" elapsed="0.000016"/>
</kw>
<kw name="Log" owner="BuiltIn">
<arg>${course_name}</arg>
<doc>Logs the given message with the given level.</doc>
<status status="NOT RUN" start="2024-12-05T17:20:42.972118" elapsed="0.000013"/>
</kw>
<var name="${course}"/>
<status status="NOT RUN" start="2024-12-05T17:20:42.971970" elapsed="0.000181"/>
</iter>
<var>${course}</var>
<value>@{courses}</value>
<status status="NOT RUN" start="2024-12-05T17:20:42.971868" elapsed="0.000308"/>
</for>
<status status="PASS" start="2024-12-05T17:20:42.961214" elapsed="0.011003"/>
</kw>
<kw name="Close Browser" owner="SeleniumLibrary" type="TEARDOWN">
<doc>Closes the current browser.</doc>
<status status="PASS" start="2024-12-05T17:20:42.973205" elapsed="2.341805"/>
</kw>
<status status="PASS" start="2024-12-05T17:20:08.680263" elapsed="36.635257"/>
</test>
<status status="PASS" start="2024-12-05T17:20:03.322792" elapsed="41.994288"/>
</suite>
<statistics>
<total>
<stat pass="2" fail="0" skip="0">All Tasks</stat>
</total>
<tag>
</tag>
<suite>
<stat pass="2" fail="0" skip="0" id="s1" name="2 2 1 ValmisteluMain">2 2 1 ValmisteluMain</stat>
</suite>
</statistics>
<errors>
</errors>
</robot>
